2025-08-07 16:03:55,642 [Worker-6: Loading available Gradle versions] INFO  o.e.b.c.i.u.g.PublishedGradleVersions - Gradle version information cache is up-to-date. Trying to read.
2025-08-07 16:06:12,762 [Worker-1: Loading available Gradle versions] INFO  o.e.b.c.i.u.g.PublishedGradleVersions - Gradle version information cache is up-to-date. Trying to read.
2025-08-07 16:14:17,163 [Worker-1: Loading available Gradle versions] INFO  o.e.b.c.i.u.g.PublishedGradleVersions - Gradle version information cache is up-to-date. Trying to read.
2025-08-07 16:15:24,323 [Worker-7: Building] INFO  o.e.m.c.i.l.LifecycleMappingFactory - Using org.eclipse.m2e.jdt.JarLifecycleMapping lifecycle mapping for MavenProject: com.example:Bank-Management:0.0.1-SNAPSHOT @ C:\Users\Sahil Phadtare\Banking_FullyIntegrated\Bank-Management\pom.xml.
2025-08-07 16:15:26,986 [Worker-7: Building] INFO  o.a.m.s.f.DefaultMavenResourcesFiltering - Copying 1 resource from src\main\resources to target\classes
2025-08-07 16:15:27,027 [Worker-7: Building] INFO  o.a.m.s.f.DefaultMavenResourcesFiltering - Copying 16 resources from src\main\resources to target\classes
2025-08-07 16:15:27,134 [Worker-7: Building] INFO  o.a.m.s.f.DefaultMavenResourcesFiltering - skip non existing resourceDirectory C:\Users\Sahil Phadtare\Banking_FullyIntegrated\Bank-Management\src\test\resources
2025-08-07 16:15:29,051 [Worker-14: Building] INFO  o.a.m.s.f.DefaultMavenResourcesFiltering - Copying 1 resource from src\main\resources to target\classes
2025-08-07 16:15:29,057 [Worker-14: Building] INFO  o.a.m.s.f.DefaultMavenResourcesFiltering - Copying 16 resources from src\main\resources to target\classes
2025-08-07 16:15:29,126 [Worker-14: Building] INFO  o.a.m.s.f.DefaultMavenResourcesFiltering - skip non existing resourceDirectory C:\Users\Sahil Phadtare\Banking_FullyIntegrated\Bank-Management\src\test\resources
2025-08-07 16:17:03,324 [Worker-13: Building] INFO  o.e.m.c.i.l.LifecycleMappingFactory - Using org.eclipse.m2e.jdt.JarLifecycleMapping lifecycle mapping for MavenProject: com.example:Eureka-Server:0.0.1-SNAPSHOT @ C:\Users\Sahil Phadtare\Banking_FullyIntegrated\Eureka-Server\pom.xml.
2025-08-07 16:17:04,973 [Worker-13: Building] INFO  o.a.m.s.f.DefaultMavenResourcesFiltering - Copying 1 resource from src\main\resources to target\classes
2025-08-07 16:17:04,990 [Worker-13: Building] INFO  o.a.m.s.f.DefaultMavenResourcesFiltering - Copying 0 resource from src\main\resources to target\classes
2025-08-07 16:17:04,994 [Worker-13: Building] INFO  o.a.m.s.f.DefaultMavenResourcesFiltering - skip non existing resourceDirectory C:\Users\Sahil Phadtare\Banking_FullyIntegrated\Eureka-Server\src\test\resources
2025-08-07 16:17:05,987 [Worker-3: Updating Maven Dependencies] INFO  o.e.m.c.i.l.LifecycleMappingFactory - Using org.eclipse.m2e.jdt.JarLifecycleMapping lifecycle mapping for MavenProject: com.example:Eureka-Server:0.0.1-SNAPSHOT @ C:\Users\Sahil Phadtare\Banking_FullyIntegrated\Eureka-Server\pom.xml.
2025-08-07 16:17:06,572 [Worker-12: Building] INFO  o.a.m.s.f.DefaultMavenResourcesFiltering - Copying 1 resource from src\main\resources to target\classes
2025-08-07 16:17:06,598 [Worker-12: Building] INFO  o.a.m.s.f.DefaultMavenResourcesFiltering - Copying 0 resource from src\main\resources to target\classes
2025-08-07 16:17:06,604 [Worker-12: Building] INFO  o.a.m.s.f.DefaultMavenResourcesFiltering - skip non existing resourceDirectory C:\Users\Sahil Phadtare\Banking_FullyIntegrated\Eureka-Server\src\test\resources
2025-08-07 16:17:18,626 [Worker-21: Building] INFO  o.e.m.c.i.l.LifecycleMappingFactory - Using org.eclipse.m2e.jdt.JarLifecycleMapping lifecycle mapping for MavenProject: com.example:Online-Banking-Payee-Management:0.0.1-SNAPSHOT @ C:\Users\Sahil Phadtare\Banking_FullyIntegrated\Online-Banking-Payee-Management\pom.xml.
2025-08-07 16:17:20,078 [Worker-21: Building] INFO  o.a.m.s.f.DefaultMavenResourcesFiltering - Copying 1 resource from src\main\resources to target\classes
2025-08-07 16:17:20,093 [Worker-21: Building] INFO  o.a.m.s.f.DefaultMavenResourcesFiltering - Copying 6 resources from src\main\resources to target\classes
2025-08-07 16:17:20,114 [Worker-21: Building] INFO  o.a.m.s.f.DefaultMavenResourcesFiltering - skip non existing resourceDirectory C:\Users\Sahil Phadtare\Banking_FullyIntegrated\Online-Banking-Payee-Management\src\test\resources
2025-08-07 16:17:20,822 [Worker-17: Updating Maven Dependencies] INFO  o.e.m.c.i.l.LifecycleMappingFactory - Using org.eclipse.m2e.jdt.JarLifecycleMapping lifecycle mapping for MavenProject: com.example:Online-Banking-Payee-Management:0.0.1-SNAPSHOT @ C:\Users\Sahil Phadtare\Banking_FullyIntegrated\Online-Banking-Payee-Management\pom.xml.
2025-08-07 16:17:21,810 [Worker-5: Building] INFO  o.a.m.s.f.DefaultMavenResourcesFiltering - Copying 1 resource from src\main\resources to target\classes
2025-08-07 16:17:21,852 [Worker-5: Building] INFO  o.a.m.s.f.DefaultMavenResourcesFiltering - Copying 6 resources from src\main\resources to target\classes
2025-08-07 16:17:21,896 [Worker-5: Building] INFO  o.a.m.s.f.DefaultMavenResourcesFiltering - skip non existing resourceDirectory C:\Users\Sahil Phadtare\Banking_FullyIntegrated\Online-Banking-Payee-Management\src\test\resources
2025-08-07 16:20:09,907 [Worker-25: Building] INFO  o.e.m.c.i.l.LifecycleMappingFactory - Using org.eclipse.m2e.jdt.JarLifecycleMapping lifecycle mapping for MavenProject: com.example:TransactionStatementService:0.0.1-SNAPSHOT @ C:\Users\Sahil Phadtare\Banking_FullyIntegrated\TransactionStatementService\pom.xml.
2025-08-07 16:20:11,104 [Worker-25: Building] INFO  o.a.m.s.f.DefaultMavenResourcesFiltering - Copying 1 resource from src\main\resources to target\classes
2025-08-07 16:20:11,115 [Worker-25: Building] INFO  o.a.m.s.f.DefaultMavenResourcesFiltering - Copying 8 resources from src\main\resources to target\classes
2025-08-07 16:20:11,180 [Worker-25: Building] INFO  o.a.m.s.f.DefaultMavenResourcesFiltering - skip non existing resourceDirectory C:\Users\Sahil Phadtare\Banking_FullyIntegrated\TransactionStatementService\src\test\resources
2025-08-07 16:20:12,454 [Worker-21: Updating Maven Dependencies] INFO  o.e.m.c.i.l.LifecycleMappingFactory - Using org.eclipse.m2e.jdt.JarLifecycleMapping lifecycle mapping for MavenProject: com.example:TransactionStatementService:0.0.1-SNAPSHOT @ C:\Users\Sahil Phadtare\Banking_FullyIntegrated\TransactionStatementService\pom.xml.
2025-08-07 16:20:13,036 [Worker-25: Building] INFO  o.a.m.s.f.DefaultMavenResourcesFiltering - Copying 1 resource from src\main\resources to target\classes
2025-08-07 16:20:13,051 [Worker-25: Building] INFO  o.a.m.s.f.DefaultMavenResourcesFiltering - Copying 8 resources from src\main\resources to target\classes
2025-08-07 16:20:13,103 [Worker-25: Building] INFO  o.a.m.s.f.DefaultMavenResourcesFiltering - skip non existing resourceDirectory C:\Users\Sahil Phadtare\Banking_FullyIntegrated\TransactionStatementService\src\test\resources
2025-08-07 16:21:06,099 [Worker-20: Building] INFO  o.e.m.c.i.l.LifecycleMappingFactory - Using org.eclipse.m2e.jdt.JarLifecycleMapping lifecycle mapping for MavenProject: com.example:RestApi:0.0.1-SNAPSHOT @ C:\Users\Sahil Phadtare\Banking_FullyIntegrated\FundTransfer\pom.xml.
2025-08-07 16:21:07,314 [Worker-20: Building] INFO  o.a.m.s.f.DefaultMavenResourcesFiltering - Copying 1 resource from src\main\resources to target\classes
2025-08-07 16:21:07,334 [Worker-20: Building] INFO  o.a.m.s.f.DefaultMavenResourcesFiltering - Copying 9 resources from src\main\resources to target\classes
2025-08-07 16:21:07,372 [Worker-20: Building] INFO  o.a.m.s.f.DefaultMavenResourcesFiltering - skip non existing resourceDirectory C:\Users\Sahil Phadtare\Banking_FullyIntegrated\FundTransfer\src\test\resources
2025-08-07 16:21:09,044 [Worker-1: Updating Maven Dependencies] INFO  o.e.m.c.i.l.LifecycleMappingFactory - Using org.eclipse.m2e.jdt.JarLifecycleMapping lifecycle mapping for MavenProject: com.example:RestApi:0.0.1-SNAPSHOT @ C:\Users\Sahil Phadtare\Banking_FullyIntegrated\FundTransfer\pom.xml.
2025-08-07 16:21:09,084 [Worker-17: Building] INFO  o.a.m.s.f.DefaultMavenResourcesFiltering - Copying 1 resource from src\main\resources to target\classes
2025-08-07 16:21:09,104 [Worker-17: Building] INFO  o.a.m.s.f.DefaultMavenResourcesFiltering - Copying 9 resources from src\main\resources to target\classes
2025-08-07 16:21:09,152 [Worker-17: Building] INFO  o.a.m.s.f.DefaultMavenResourcesFiltering - skip non existing resourceDirectory C:\Users\Sahil Phadtare\Banking_FullyIntegrated\FundTransfer\src\test\resources
2025-08-08 09:40:26,841 [Worker-48: Building] INFO  o.a.m.s.f.DefaultMavenResourcesFiltering - Copying 0 resource from src\main\resources to target\classes
2025-08-08 09:40:26,852 [Worker-48: Building] INFO  o.a.m.s.f.DefaultMavenResourcesFiltering - Copying 1 resource from src\main\resources to target\classes
2025-08-08 09:40:26,867 [Worker-48: Building] INFO  o.a.m.s.f.DefaultMavenResourcesFiltering - skip non existing resourceDirectory C:\Users\Sahil Phadtare\Banking_FullyIntegrated\Online-Banking-Payee-Management\src\test\resources
2025-08-08 09:49:49,222 [Worker-1: Loading available Gradle versions] INFO  o.e.b.c.i.u.g.PublishedGradleVersions - Gradle version information cache is up-to-date. Trying to read.
2025-08-08 09:50:16,730 [Worker-5: Loading available Gradle versions] INFO  o.e.b.c.i.u.g.PublishedGradleVersions - Gradle version information cache is up-to-date. Trying to read.
2025-08-08 09:53:29,995 [Worker-17: Building] INFO  o.a.m.s.f.DefaultMavenResourcesFiltering - Copying 1 resource from src\main\resources to target\classes
2025-08-08 09:53:30,018 [Worker-17: Building] INFO  o.a.m.s.f.DefaultMavenResourcesFiltering - Copying 16 resources from src\main\resources to target\classes
2025-08-08 09:53:30,083 [Worker-17: Building] INFO  o.a.m.s.f.DefaultMavenResourcesFiltering - skip non existing resourceDirectory C:\Users\Sahil Phadtare\Banking_FullyIntegrated\Bank-Management\src\test\resources
2025-08-08 09:53:32,004 [Worker-17: Building] INFO  o.a.m.s.f.DefaultMavenResourcesFiltering - Copying 1 resource from src\main\resources to target\classes
2025-08-08 09:53:32,035 [Worker-17: Building] INFO  o.a.m.s.f.DefaultMavenResourcesFiltering - Copying 0 resource from src\main\resources to target\classes
2025-08-08 09:53:32,042 [Worker-17: Building] INFO  o.a.m.s.f.DefaultMavenResourcesFiltering - skip non existing resourceDirectory C:\Users\Sahil Phadtare\Banking_FullyIntegrated\Eureka-Server\src\test\resources
2025-08-08 09:53:34,404 [Worker-17: Building] INFO  o.a.m.s.f.DefaultMavenResourcesFiltering - Copying 1 resource from src\main\resources to target\classes
2025-08-08 09:53:34,448 [Worker-17: Building] INFO  o.a.m.s.f.DefaultMavenResourcesFiltering - Copying 6 resources from src\main\resources to target\classes
2025-08-08 09:53:34,499 [Worker-17: Building] INFO  o.a.m.s.f.DefaultMavenResourcesFiltering - skip non existing resourceDirectory C:\Users\Sahil Phadtare\Banking_FullyIntegrated\Online-Banking-Payee-Management\src\test\resources
2025-08-08 09:53:37,047 [Worker-9: Building] INFO  o.a.m.s.f.DefaultMavenResourcesFiltering - Copying 1 resource from src\main\resources to target\classes
2025-08-08 09:53:37,063 [Worker-9: Building] INFO  o.a.m.s.f.DefaultMavenResourcesFiltering - Copying 8 resources from src\main\resources to target\classes
2025-08-08 09:53:37,110 [Worker-9: Building] INFO  o.a.m.s.f.DefaultMavenResourcesFiltering - skip non existing resourceDirectory C:\Users\Sahil Phadtare\Banking_FullyIntegrated\TransactionStatementService\src\test\resources
2025-08-08 09:54:07,386 [Worker-9: Updating Maven Dependencies] INFO  o.e.m.c.i.l.LifecycleMappingFactory - Using org.eclipse.m2e.jdt.JarLifecycleMapping lifecycle mapping for MavenProject: com.example:RestApi:0.0.1-SNAPSHOT @ C:\Users\Sahil Phadtare\Banking_FullyIntegrated\FundTransfer\pom.xml.
2025-08-08 09:54:07,623 [Worker-16: Building] INFO  o.e.m.c.i.l.LifecycleMappingFactory - Using org.eclipse.m2e.jdt.JarLifecycleMapping lifecycle mapping for MavenProject: com.example:RestApi:0.0.1-SNAPSHOT @ C:\Users\Sahil Phadtare\Banking_FullyIntegrated\FundTransfer\pom.xml.
2025-08-08 09:54:08,970 [Worker-16: Building] INFO  o.a.m.s.f.DefaultMavenResourcesFiltering - Copying 1 resource from src\main\resources to target\classes
2025-08-08 09:54:08,981 [Worker-16: Building] INFO  o.a.m.s.f.DefaultMavenResourcesFiltering - Copying 9 resources from src\main\resources to target\classes
2025-08-08 09:54:09,045 [Worker-16: Building] INFO  o.a.m.s.f.DefaultMavenResourcesFiltering - skip non existing resourceDirectory C:\Users\Sahil Phadtare\Banking_FullyIntegrated\FundTransfer\src\test\resources
2025-08-08 09:54:10,843 [Worker-24: Updating Maven Dependencies] INFO  o.e.m.c.i.l.LifecycleMappingFactory - Using org.eclipse.m2e.jdt.JarLifecycleMapping lifecycle mapping for MavenProject: com.example:RestApi:0.0.1-SNAPSHOT @ C:\Users\Sahil Phadtare\Banking_FullyIntegrated\FundTransfer\pom.xml.
2025-08-08 09:54:22,142 [Worker-21: Updating Maven Project] INFO  o.e.m.c.i.p.ProjectConfigurationManager - Update started
2025-08-08 09:54:22,716 [Worker-21: Updating Maven Project] INFO  o.e.m.c.i.l.LifecycleMappingFactory - Using org.eclipse.m2e.jdt.JarLifecycleMapping lifecycle mapping for MavenProject: com.example:RestApi:0.0.1-SNAPSHOT @ C:\Users\Sahil Phadtare\Banking_FullyIntegrated\FundTransfer\pom.xml.
2025-08-08 09:54:23,828 [Worker-21: Updating Maven Project] INFO  o.e.m.j.i.AbstractJavaProjectConfigurator - Adding source folder /FundTransfer/src/main/java
2025-08-08 09:54:23,830 [Worker-21: Updating Maven Project] INFO  o.e.m.j.i.AbstractJavaProjectConfigurator - Adding resource folder /FundTransfer/src/main/resources
2025-08-08 09:54:23,837 [Worker-21: Updating Maven Project] INFO  o.e.m.j.i.AbstractJavaProjectConfigurator - Adding resource folder /FundTransfer/src/main/resources
2025-08-08 09:54:23,843 [Worker-21: Updating Maven Project] INFO  o.e.m.j.i.AbstractJavaProjectConfigurator - Adding source folder /FundTransfer/src/test/java
2025-08-08 09:54:23,845 [Worker-21: Updating Maven Project] INFO  o.e.m.j.i.AbstractJavaProjectConfigurator - Adding resource folder /FundTransfer/src/test/resources
2025-08-08 09:54:25,109 [Worker-21: Updating Maven Project] INFO  o.e.m.c.i.p.ProjectConfigurationManager - Update completed for 1 poms: local refresh takes 0.00 sec, refresh facades takes 1.00 sec, update config takes 0.00 sec 
2025-08-08 09:54:25,943 [Worker-24: Building] INFO  o.a.m.s.f.DefaultMavenResourcesFiltering - Copying 1 resource from src\main\resources to target\classes
2025-08-08 09:54:25,962 [Worker-24: Building] INFO  o.a.m.s.f.DefaultMavenResourcesFiltering - Copying 9 resources from src\main\resources to target\classes
2025-08-08 09:54:26,044 [Worker-24: Building] INFO  o.a.m.s.f.DefaultMavenResourcesFiltering - skip non existing resourceDirectory C:\Users\Sahil Phadtare\Banking_FullyIntegrated\FundTransfer\src\test\resources
2025-08-08 10:01:02,455 [Worker-28: Building] INFO  o.e.m.c.i.l.LifecycleMappingFactory - Using org.eclipse.m2e.jdt.JarLifecycleMapping lifecycle mapping for MavenProject: com.example:Bank-Management:0.0.1-SNAPSHOT @ C:\Users\Sahil Phadtare\Banking_FullyIntegrated\Bank-Management\pom.xml.
2025-08-08 10:01:03,568 [Worker-28: Building] INFO  o.a.m.s.f.DefaultMavenResourcesFiltering - Copying 1 resource from src\main\resources to target\classes
2025-08-08 10:01:03,599 [Worker-28: Building] INFO  o.a.m.s.f.DefaultMavenResourcesFiltering - Copying 47 resources from src\main\resources to target\classes
2025-08-08 10:01:03,826 [Worker-28: Building] INFO  o.a.m.s.f.DefaultMavenResourcesFiltering - skip non existing resourceDirectory C:\Users\Sahil Phadtare\Banking_FullyIntegrated\Bank-Management\src\test\resources
2025-08-08 10:01:10,687 [Worker-17: Building] INFO  o.e.m.c.i.l.LifecycleMappingFactory - Using org.eclipse.m2e.jdt.JarLifecycleMapping lifecycle mapping for MavenProject: com.example:Bank-Management:0.0.1-SNAPSHOT @ C:\Users\Sahil Phadtare\Banking_FullyIntegrated\Bank-Management\pom.xml.
2025-08-08 10:01:13,160 [Worker-33: Updating Maven Dependencies] INFO  o.e.m.c.i.l.LifecycleMappingFactory - Using org.eclipse.m2e.jdt.JarLifecycleMapping lifecycle mapping for MavenProject: com.example:Bank-Management:0.0.1-SNAPSHOT @ C:\Users\Sahil Phadtare\Banking_FullyIntegrated\Bank-Management\pom.xml.
2025-08-08 10:02:25,729 [Worker-32: Building] INFO  o.a.m.s.f.DefaultMavenResourcesFiltering - Copying 1 resource from src\main\resources to target\classes
2025-08-08 10:02:25,867 [Worker-32: Building] INFO  o.a.m.s.f.DefaultMavenResourcesFiltering - Copying 47 resources from src\main\resources to target\classes
2025-08-08 10:02:25,939 [Worker-32: Building] INFO  o.a.m.s.f.DefaultMavenResourcesFiltering - skip non existing resourceDirectory C:\Users\Sahil Phadtare\Banking_FullyIntegrated\Bank-Management\src\test\resources
2025-08-08 10:44:38,927 [Worker-30: Building] INFO  o.a.m.s.f.DefaultMavenResourcesFiltering - Copying 1 resource from src\main\resources to target\classes
2025-08-08 10:44:38,943 [Worker-30: Building] INFO  o.a.m.s.f.DefaultMavenResourcesFiltering - Copying 9 resources from src\main\resources to target\classes
2025-08-08 10:44:38,951 [Worker-30: Building] INFO  o.a.m.s.f.DefaultMavenResourcesFiltering - skip non existing resourceDirectory C:\Users\Sahil Phadtare\Banking_FullyIntegrated\FundTransfer\src\test\resources
2025-08-08 10:45:03,305 [Worker-21: Building] INFO  o.a.m.s.f.DefaultMavenResourcesFiltering - Copying 1 resource from src\main\resources to target\classes
2025-08-08 10:45:03,314 [Worker-21: Building] INFO  o.a.m.s.f.DefaultMavenResourcesFiltering - Copying 9 resources from src\main\resources to target\classes
2025-08-08 10:45:03,320 [Worker-21: Building] INFO  o.a.m.s.f.DefaultMavenResourcesFiltering - skip non existing resourceDirectory C:\Users\Sahil Phadtare\Banking_FullyIntegrated\FundTransfer\src\test\resources
2025-08-08 10:47:45,516 [Worker-33: Building] INFO  o.a.m.s.f.DefaultMavenResourcesFiltering - Copying 1 resource from src\main\resources to target\classes
2025-08-08 10:47:45,523 [Worker-33: Building] INFO  o.a.m.s.f.DefaultMavenResourcesFiltering - Copying 9 resources from src\main\resources to target\classes
2025-08-08 10:47:45,529 [Worker-33: Building] INFO  o.a.m.s.f.DefaultMavenResourcesFiltering - skip non existing resourceDirectory C:\Users\Sahil Phadtare\Banking_FullyIntegrated\FundTransfer\src\test\resources
2025-08-08 10:52:31,494 [Worker-27: Building] INFO  o.a.m.s.f.DefaultMavenResourcesFiltering - Copying 0 resource from src\main\resources to target\classes
2025-08-08 10:52:31,498 [Worker-27: Building] INFO  o.a.m.s.f.DefaultMavenResourcesFiltering - Copying 1 resource from src\main\resources to target\classes
2025-08-08 10:52:31,503 [Worker-27: Building] INFO  o.a.m.s.f.DefaultMavenResourcesFiltering - skip non existing resourceDirectory C:\Users\Sahil Phadtare\Banking_FullyIntegrated\Online-Banking-Payee-Management\src\test\resources
2025-08-08 10:52:50,119 [Worker-30: Building] INFO  o.a.m.s.f.DefaultMavenResourcesFiltering - Copying 0 resource from src\main\resources to target\classes
2025-08-08 10:52:50,121 [Worker-30: Building] INFO  o.a.m.s.f.DefaultMavenResourcesFiltering - Copying 1 resource from src\main\resources to target\classes
2025-08-08 10:52:50,127 [Worker-30: Building] INFO  o.a.m.s.f.DefaultMavenResourcesFiltering - skip non existing resourceDirectory C:\Users\Sahil Phadtare\Banking_FullyIntegrated\Online-Banking-Payee-Management\src\test\resources
2025-08-08 10:53:17,834 [Worker-21: Building] INFO  o.a.m.s.f.DefaultMavenResourcesFiltering - Copying 0 resource from src\main\resources to target\classes
2025-08-08 10:53:17,839 [Worker-21: Building] INFO  o.a.m.s.f.DefaultMavenResourcesFiltering - Copying 1 resource from src\main\resources to target\classes
2025-08-08 10:53:17,848 [Worker-21: Building] INFO  o.a.m.s.f.DefaultMavenResourcesFiltering - skip non existing resourceDirectory C:\Users\Sahil Phadtare\Banking_FullyIntegrated\Online-Banking-Payee-Management\src\test\resources
2025-08-08 10:53:21,703 [Worker-22: Building] INFO  o.a.m.s.f.DefaultMavenResourcesFiltering - Copying 0 resource from src\main\resources to target\classes
2025-08-08 10:53:21,710 [Worker-22: Building] INFO  o.a.m.s.f.DefaultMavenResourcesFiltering - Copying 1 resource from src\main\resources to target\classes
2025-08-08 10:53:21,718 [Worker-22: Building] INFO  o.a.m.s.f.DefaultMavenResourcesFiltering - skip non existing resourceDirectory C:\Users\Sahil Phadtare\Banking_FullyIntegrated\Online-Banking-Payee-Management\src\test\resources
2025-08-08 10:53:28,678 [Worker-36: Building] INFO  o.a.m.s.f.DefaultMavenResourcesFiltering - Copying 0 resource from src\main\resources to target\classes
2025-08-08 10:53:28,686 [Worker-36: Building] INFO  o.a.m.s.f.DefaultMavenResourcesFiltering - Copying 1 resource from src\main\resources to target\classes
2025-08-08 10:53:28,696 [Worker-36: Building] INFO  o.a.m.s.f.DefaultMavenResourcesFiltering - skip non existing resourceDirectory C:\Users\Sahil Phadtare\Banking_FullyIntegrated\Online-Banking-Payee-Management\src\test\resources
2025-08-08 10:53:31,719 [Worker-28: Building] INFO  o.a.m.s.f.DefaultMavenResourcesFiltering - Copying 0 resource from src\main\resources to target\classes
2025-08-08 10:53:31,724 [Worker-28: Building] INFO  o.a.m.s.f.DefaultMavenResourcesFiltering - Copying 1 resource from src\main\resources to target\classes
2025-08-08 10:53:31,733 [Worker-28: Building] INFO  o.a.m.s.f.DefaultMavenResourcesFiltering - skip non existing resourceDirectory C:\Users\Sahil Phadtare\Banking_FullyIntegrated\Online-Banking-Payee-Management\src\test\resources
2025-08-08 10:57:27,740 [Worker-30: Building] INFO  o.a.m.s.f.DefaultMavenResourcesFiltering - Copying 0 resource from src\main\resources to target\classes
2025-08-08 10:57:27,773 [Worker-30: Building] INFO  o.a.m.s.f.DefaultMavenResourcesFiltering - Copying 0 resource from src\main\resources to target\classes
2025-08-08 10:57:27,789 [Worker-30: Building] INFO  o.a.m.s.f.DefaultMavenResourcesFiltering - skip non existing resourceDirectory C:\Users\Sahil Phadtare\Banking_FullyIntegrated\Bank-Management\src\test\resources
2025-08-08 10:57:28,003 [Worker-30: Building] INFO  o.a.m.s.f.DefaultMavenResourcesFiltering - Copying 0 resource from src\main\resources to target\classes
2025-08-08 10:57:28,003 [Worker-30: Building] INFO  o.a.m.s.f.DefaultMavenResourcesFiltering - Copying 0 resource from src\main\resources to target\classes
2025-08-08 10:57:28,019 [Worker-30: Building] INFO  o.a.m.s.f.DefaultMavenResourcesFiltering - skip non existing resourceDirectory C:\Users\Sahil Phadtare\Banking_FullyIntegrated\Eureka-Server\src\test\resources
2025-08-08 10:57:28,143 [Worker-30: Building] INFO  o.a.m.s.f.DefaultMavenResourcesFiltering - Copying 0 resource from src\main\resources to target\classes
2025-08-08 10:57:28,161 [Worker-30: Building] INFO  o.a.m.s.f.DefaultMavenResourcesFiltering - Copying 0 resource from src\main\resources to target\classes
2025-08-08 10:57:28,176 [Worker-30: Building] INFO  o.a.m.s.f.DefaultMavenResourcesFiltering - skip non existing resourceDirectory C:\Users\Sahil Phadtare\Banking_FullyIntegrated\FundTransfer\src\test\resources
2025-08-08 10:57:28,365 [Worker-30: Building] INFO  o.a.m.s.f.DefaultMavenResourcesFiltering - Copying 0 resource from src\main\resources to target\classes
2025-08-08 10:57:28,373 [Worker-30: Building] INFO  o.a.m.s.f.DefaultMavenResourcesFiltering - Copying 0 resource from src\main\resources to target\classes
2025-08-08 10:57:28,382 [Worker-30: Building] INFO  o.a.m.s.f.DefaultMavenResourcesFiltering - skip non existing resourceDirectory C:\Users\Sahil Phadtare\Banking_FullyIntegrated\Online-Banking-Payee-Management\src\test\resources
2025-08-08 10:57:28,480 [Worker-30: Building] INFO  o.a.m.s.f.DefaultMavenResourcesFiltering - Copying 0 resource from src\main\resources to target\classes
2025-08-08 10:57:28,480 [Worker-30: Building] INFO  o.a.m.s.f.DefaultMavenResourcesFiltering - Copying 0 resource from src\main\resources to target\classes
2025-08-08 10:57:28,488 [Worker-30: Building] INFO  o.a.m.s.f.DefaultMavenResourcesFiltering - skip non existing resourceDirectory C:\Users\Sahil Phadtare\Banking_FullyIntegrated\TransactionStatementService\src\test\resources
2025-08-08 11:06:35,777 [Worker-30: Building] INFO  o.a.m.s.f.DefaultMavenResourcesFiltering - Copying 1 resource from src\main\resources to target\classes
2025-08-08 11:06:35,793 [Worker-30: Building] INFO  o.a.m.s.f.DefaultMavenResourcesFiltering - Copying 47 resources from src\main\resources to target\classes
2025-08-08 11:06:35,812 [Worker-30: Building] INFO  o.a.m.s.f.DefaultMavenResourcesFiltering - skip non existing resourceDirectory C:\Users\Sahil Phadtare\Banking_FullyIntegrated\Bank-Management\src\test\resources
2025-08-08 11:06:36,863 [Worker-30: Building] INFO  o.e.m.c.i.l.LifecycleMappingFactory - Using org.eclipse.m2e.jdt.JarLifecycleMapping lifecycle mapping for MavenProject: com.example:RestApi:0.0.1-SNAPSHOT @ C:\Users\Sahil Phadtare\Banking_FullyIntegrated\FundTransfer\pom.xml.
2025-08-08 11:06:38,835 [Worker-30: Building] INFO  o.a.m.s.f.DefaultMavenResourcesFiltering - Copying 1 resource from src\main\resources to target\classes
2025-08-08 11:06:38,865 [Worker-30: Building] INFO  o.a.m.s.f.DefaultMavenResourcesFiltering - Copying 9 resources from src\main\resources to target\classes
2025-08-08 11:06:38,875 [Worker-30: Building] INFO  o.a.m.s.f.DefaultMavenResourcesFiltering - skip non existing resourceDirectory C:\Users\Sahil Phadtare\Banking_FullyIntegrated\FundTransfer\src\test\resources
